c:\users\hagye\desktop\cs300_hagyeong\cs300 project\x64\release\vc142.pdb
c:\users\hagye\desktop\cs300_hagyeong\cs300 project\x64\release\texture.obj
c:\users\hagye\desktop\cs300_hagyeong\cs300 project\x64\release\shader.obj
c:\users\hagye\desktop\cs300_hagyeong\cs300 project\x64\release\scene.obj
c:\users\hagye\desktop\cs300_hagyeong\cs300 project\x64\release\objreader.obj
c:\users\hagye\desktop\cs300_hagyeong\cs300 project\x64\release\mesh.obj
c:\users\hagye\desktop\cs300_hagyeong\cs300 project\x64\release\drawscene.obj
c:\users\hagye\desktop\cs300_hagyeong\cs300 project\x64\release\glapplication.obj
c:\users\hagye\desktop\cs300_hagyeong\cs300 project\x64\release\imgui_widgets.obj
c:\users\hagye\desktop\cs300_hagyeong\cs300 project\x64\release\imgui_tables.obj
c:\users\hagye\desktop\cs300_hagyeong\cs300 project\x64\release\imgui_impl_opengl3.obj
c:\users\hagye\desktop\cs300_hagyeong\cs300 project\x64\release\imgui_impl_glfw.obj
c:\users\hagye\desktop\cs300_hagyeong\cs300 project\x64\release\imgui_draw.obj
c:\users\hagye\desktop\cs300_hagyeong\cs300 project\x64\release\imgui_demo.obj
c:\users\hagye\desktop\cs300_hagyeong\cs300 project\x64\release\imgui.obj
c:\users\hagye\desktop\cs300_hagyeong\x64\release\cs300 project.exe
c:\users\hagye\desktop\cs300_hagyeong\cs300 project\x64\release\cs300 project.ipdb
c:\users\hagye\desktop\cs300_hagyeong\cs300 project\x64\release\cs300 project.iobj
c:\users\hagye\desktop\cs300_hagyeong\x64\release\cs300 project.pdb
c:\users\hagye\desktop\cs300_hagyeong\cs300 project\x64\release\cs300 project.tlog\cl.command.1.tlog
c:\users\hagye\desktop\cs300_hagyeong\cs300 project\x64\release\cs300 project.tlog\cl.read.1.tlog
c:\users\hagye\desktop\cs300_hagyeong\cs300 project\x64\release\cs300 project.tlog\cl.write.1.tlog
c:\users\hagye\desktop\cs300_hagyeong\cs300 project\x64\release\cs300 project.tlog\link.command.1.tlog
c:\users\hagye\desktop\cs300_hagyeong\cs300 project\x64\release\cs300 project.tlog\link.read.1.tlog
c:\users\hagye\desktop\cs300_hagyeong\cs300 project\x64\release\cs300 project.tlog\link.write.1.tlog
