c:\users\hagye\desktop\hagyeong.kim_cs300_2\cs300 project\x64\debug\vc142.pdb
c:\users\hagye\desktop\hagyeong.kim_cs300_2\cs300 project\x64\debug\vc142.idb
c:\users\hagye\desktop\hagyeong.kim_cs300_2\cs300 project\x64\debug\texture.obj
c:\users\hagye\desktop\hagyeong.kim_cs300_2\cs300 project\x64\debug\shader.obj
c:\users\hagye\desktop\hagyeong.kim_cs300_2\cs300 project\x64\debug\scene.obj
c:\users\hagye\desktop\hagyeong.kim_cs300_2\cs300 project\x64\debug\objreader.obj
c:\users\hagye\desktop\hagyeong.kim_cs300_2\cs300 project\x64\debug\mesh.obj
c:\users\hagye\desktop\hagyeong.kim_cs300_2\cs300 project\x64\debug\drawscene.obj
c:\users\hagye\desktop\hagyeong.kim_cs300_2\cs300 project\x64\debug\glapplication.obj
c:\users\hagye\desktop\hagyeong.kim_cs300_2\cs300 project\x64\debug\imgui_widgets.obj
c:\users\hagye\desktop\hagyeong.kim_cs300_2\cs300 project\x64\debug\imgui_tables.obj
c:\users\hagye\desktop\hagyeong.kim_cs300_2\cs300 project\x64\debug\imgui_impl_opengl3.obj
c:\users\hagye\desktop\hagyeong.kim_cs300_2\cs300 project\x64\debug\imgui_impl_glfw.obj
c:\users\hagye\desktop\hagyeong.kim_cs300_2\cs300 project\x64\debug\imgui_draw.obj
c:\users\hagye\desktop\hagyeong.kim_cs300_2\cs300 project\x64\debug\imgui_demo.obj
c:\users\hagye\desktop\hagyeong.kim_cs300_2\cs300 project\x64\debug\imgui.obj
c:\users\hagye\desktop\hagyeong.kim_cs300_2\cs300 project\x64\debug\cs300 project.ilk
c:\users\hagye\desktop\hagyeong.kim_cs300_2\x64\debug\cs300 project.exe
c:\users\hagye\desktop\hagyeong.kim_cs300_2\x64\debug\cs300 project.pdb
c:\users\hagye\desktop\hagyeong.kim_cs300_2 (1)\cs300 project\x64\debug\drawscene.obj
c:\users\hagye\desktop\hagyeong.kim_cs300_2 (1)\cs300 project\x64\debug\glapplication.obj
c:\users\hagye\desktop\hagyeong.kim_cs300_2 (1)\cs300 project\x64\debug\imgui.obj
c:\users\hagye\desktop\hagyeong.kim_cs300_2 (1)\cs300 project\x64\debug\imgui_demo.obj
c:\users\hagye\desktop\hagyeong.kim_cs300_2 (1)\cs300 project\x64\debug\imgui_draw.obj
c:\users\hagye\desktop\hagyeong.kim_cs300_2 (1)\cs300 project\x64\debug\imgui_impl_glfw.obj
c:\users\hagye\desktop\hagyeong.kim_cs300_2 (1)\cs300 project\x64\debug\imgui_impl_opengl3.obj
c:\users\hagye\desktop\hagyeong.kim_cs300_2 (1)\cs300 project\x64\debug\imgui_tables.obj
c:\users\hagye\desktop\hagyeong.kim_cs300_2 (1)\cs300 project\x64\debug\imgui_widgets.obj
c:\users\hagye\desktop\hagyeong.kim_cs300_2 (1)\cs300 project\x64\debug\mesh.obj
c:\users\hagye\desktop\hagyeong.kim_cs300_2 (1)\cs300 project\x64\debug\objreader.obj
c:\users\hagye\desktop\hagyeong.kim_cs300_2 (1)\cs300 project\x64\debug\scene.obj
c:\users\hagye\desktop\hagyeong.kim_cs300_2 (1)\cs300 project\x64\debug\shader.obj
c:\users\hagye\desktop\hagyeong.kim_cs300_2 (1)\cs300 project\x64\debug\texture.obj
c:\users\hagye\desktop\hagyeong.kim_cs300_2 (1)\cs300 project\x64\debug\cs300 project.ilk
c:\users\hagye\desktop\hagyeong.kim_cs300_2 (1)\cs300 project\x64\debug\vc142.idb
c:\users\hagye\desktop\hagyeong.kim_cs300_2 (1)\cs300 project\x64\debug\vc142.pdb
c:\users\hagye\desktop\hagyeong.kim_cs300_2 (1)\x64\debug\cs300 project.pdb
c:\users\hagye\desktop\hagyeong.kim_cs300_2 (1)\x64\debug\cs300 project.exe
c:\users\hagye\desktop\hagyeong.kim_cs300_2 (1)\cs300 project\x64\debug\cs300 project.tlog\cl.command.1.tlog
c:\users\hagye\desktop\hagyeong.kim_cs300_2 (1)\cs300 project\x64\debug\cs300 project.tlog\cl.read.1.tlog
c:\users\hagye\desktop\hagyeong.kim_cs300_2 (1)\cs300 project\x64\debug\cs300 project.tlog\cl.write.1.tlog
c:\users\hagye\desktop\hagyeong.kim_cs300_2 (1)\cs300 project\x64\debug\cs300 project.tlog\link.command.1.tlog
c:\users\hagye\desktop\hagyeong.kim_cs300_2 (1)\cs300 project\x64\debug\cs300 project.tlog\link.read.1.tlog
c:\users\hagye\desktop\hagyeong.kim_cs300_2 (1)\cs300 project\x64\debug\cs300 project.tlog\link.write.1.tlog
