  imgui.cpp
  imgui_demo.cpp
  imgui_draw.cpp
  imgui_impl_glfw.cpp
  imgui_impl_opengl3.cpp
  imgui_tables.cpp
  imgui_widgets.cpp
  AABB.cpp
  BoundingSphere.cpp
  Camera.cpp
  DrawPrimitivesScene.cpp
  GLApplication.cpp
  DrawScene.cpp
  Intersection.cpp
  Mesh.cpp
  OBJMesh.cpp
  OBJReader.cpp
  Plane.cpp
  Point3D.cpp
  Ray.cpp
  Generating Code...
  Compiling...
  Scene.cpp
  shader.cpp
  Texture.cpp
  Triangle.cpp
  Generating Code...
LINK : warning LNK4098: defaultlib 'MSVCRT' conflicts with use of other libs; use /NODEFAULTLIB:library
  CS300 Project.vcxproj -> C:\Users\hagye\Desktop\CS350_hagyeong.kim_1\x64\Debug\CS300 Project.exe
  0개 파일이 복사되었습니다.
  0개 파일이 복사되었습니다.
